<?xml version="1.0" encoding="UTF-8"?>
<!-- Generated by org.testng.reporters.JUnitReportReporter -->
<testsuite hostname="LAPTOP-ABRF4IV4" failures="0" tests="2" name="TestNgLearning.Testcase3" time="0.002" errors="0" timestamp="2021-05-02T21:16:17 IST" skipped="0">
  <testcase classname="TestNgLearning.Testcase3" name="Dologin" time="0.001"/>
  <system-out/>
  <testcase classname="TestNgLearning.Testcase3" name="doUserReg" time="0.001"/>
  <system-out/>
</testsuite> <!-- TestNgLearning.Testcase3 -->
