<?xml version="1.0" encoding="UTF-8"?>
<!-- Generated by org.testng.reporters.JUnitReportReporter -->
<testsuite hostname="LAPTOP-ABRF4IV4" failures="0" tests="2" name="TestNgLearning.Testcase1" time="0.006" errors="0" timestamp="2021-04-27T01:49:52 IST" skipped="0">
  <testcase classname="TestNgLearning.Testcase1" name="userReg" time="0.005"/>
  <system-out/>
  <testcase classname="TestNgLearning.Testcase1" name="userLogin" time="0.001"/>
  <system-out/>
</testsuite> <!-- TestNgLearning.Testcase1 -->
