<?xml version="1.0" encoding="UTF-8"?>
<!-- Generated by org.testng.reporters.JUnitReportReporter -->
<testsuite hostname="LAPTOP-ABRF4IV4" failures="0" tests="3" name="TestNgLearning.TestParamiterization" time="2.723" errors="0" timestamp="2021-05-07T21:07:33 IST" skipped="0">
  <testcase classname="TestNgLearning.TestParamiterization" name="doLogin" time="0.689"/>
  <system-out/>
  <testcase classname="TestNgLearning.TestParamiterization" name="doLogin" time="1.329"/>
  <system-out/>
  <testcase classname="TestNgLearning.TestParamiterization" name="doLogin" time="0.705"/>
  <system-out/>
</testsuite> <!-- TestNgLearning.TestParamiterization -->
